2026-03-25 15:36:06 pid:1 RuntimeException: An attempt was made to access a socket in a way forbidden by its access permissions in C:\Users\MSI\Desktop\Ghrami\Ghrami-Web\vendor\workerman\workerman\src\Worker.php:2462
Stack trace:
#0 C:\Users\MSI\Desktop\Ghrami\Ghrami-Web\vendor\workerman\workerman\src\Worker.php(2632): Workerman\Worker->listen(true)
#1 C:\Users\MSI\Desktop\Ghrami\Ghrami-Web\vendor\workerman\workerman\src\Worker.php(1619): Workerman\Worker->run()
#2 C:\Users\MSI\Desktop\Ghrami\Ghrami-Web\vendor\workerman\workerman\src\Worker.php(1536): Workerman\Worker::forkWorkersForWindows()
#3 C:\Users\MSI\Desktop\Ghrami\Ghrami-Web\vendor\workerman\workerman\src\Worker.php(603): Workerman\Worker::forkWorkers()
#4 C:\Users\MSI\Desktop\Ghrami\Ghrami-Web\src\Command\WebSocketServerCommand.php(77): Workerman\Worker::runAll()
#5 C:\Users\MSI\Desktop\Ghrami\Ghrami-Web\vendor\symfony\console\Command\Command.php(341): App\Command\WebSocketServerCommand->execute(Object(Symfony\Component\Console\Input\ArgvInput), Object(Symfony\Component\Console\Output\ConsoleOutput))
#6 C:\Users\MSI\Desktop\Ghrami\Ghrami-Web\vendor\symfony\console\Application.php(1117): Symfony\Component\Console\Command\Command->run(Object(Symfony\Component\Console\Input\ArgvInput), Object(Symfony\Component\Console\Output\ConsoleOutput))
#7 C:\Users\MSI\Desktop\Ghrami\Ghrami-Web\vendor\symfony\framework-bundle\Console\Application.php(123): Symfony\Component\Console\Application->doRunCommand(Object(App\Command\WebSocketServerCommand), Object(Symfony\Component\Console\Input\ArgvInput), Object(Symfony\Component\Console\Output\ConsoleOutput))
#8 C:\Users\MSI\Desktop\Ghrami\Ghrami-Web\vendor\symfony\console\Application.php(356): Symfony\Bundle\FrameworkBundle\Console\Application->doRunCommand(Object(App\Command\WebSocketServerCommand), Object(Symfony\Component\Console\Input\ArgvInput), Object(Symfony\Component\Console\Output\ConsoleOutput))
#9 C:\Users\MSI\Desktop\Ghrami\Ghrami-Web\vendor\symfony\framework-bundle\Console\Application.php(77): Symfony\Component\Console\Application->doRun(Object(Symfony\Component\Console\Input\ArgvInput), Object(Symfony\Component\Console\Output\ConsoleOutput))
#10 C:\Users\MSI\Desktop\Ghrami\Ghrami-Web\vendor\symfony\console\Application.php(195): Symfony\Bundle\FrameworkBundle\Console\Application->doRun(Object(Symfony\Component\Console\Input\ArgvInput), Object(Symfony\Component\Console\Output\ConsoleOutput))
#11 C:\Users\MSI\Desktop\Ghrami\Ghrami-Web\vendor\symfony\runtime\Runner\Symfony\ConsoleApplicationRunner.php(49): Symfony\Component\Console\Application->run(Object(Symfony\Component\Console\Input\ArgvInput), Object(Symfony\Component\Console\Output\ConsoleOutput))
#12 C:\Users\MSI\Desktop\Ghrami\Ghrami-Web\vendor\autoload_runtime.php(32): Symfony\Component\Runtime\Runner\Symfony\ConsoleApplicationRunner->run()
#13 C:\Users\MSI\Desktop\Ghrami\Ghrami-Web\bin\console(15): require_once('C:\\Users\\MSI\\De...')
#14 {main}
2026-03-25 15:36:06 pid:1 Worker process terminated
2026-03-31 18:32:05 pid:1 Error: Call to undefined method App\Entity\Message::setSender() in C:\Users\MSI\Desktop\Ghrami\Ghrami-Web\src\WebSocket\ChatServer.php:144
Stack trace:
#0 C:\Users\MSI\Desktop\Ghrami\Ghrami-Web\src\WebSocket\ChatServer.php(48): App\WebSocket\ChatServer->handleMessage(Object(Workerman\Connection\TcpConnection), 'MSG:8:12:hey br...')
#1 C:\Users\MSI\Desktop\Ghrami\Ghrami-Web\vendor\workerman\workerman\src\Connection\TcpConnection.php(748): App\WebSocket\ChatServer->onMessage(Object(Workerman\Connection\TcpConnection), 'MSG:8:12:hey br...')
#2 C:\Users\MSI\Desktop\Ghrami\Ghrami-Web\vendor\workerman\workerman\src\Events\Select.php(408): Workerman\Connection\TcpConnection->baseRead(Resource id #916)
#3 C:\Users\MSI\Desktop\Ghrami\Ghrami-Web\vendor\workerman\workerman\src\Worker.php(1601): Workerman\Events\Select->run()
#4 C:\Users\MSI\Desktop\Ghrami\Ghrami-Web\vendor\workerman\workerman\src\Worker.php(1526): Workerman\Worker::forkWorkersForWindows()
#5 C:\Users\MSI\Desktop\Ghrami\Ghrami-Web\vendor\workerman\workerman\src\Worker.php(593): Workerman\Worker::forkWorkers()
#6 C:\Users\MSI\Desktop\Ghrami\Ghrami-Web\src\Command\WebSocketServerCommand.php(77): Workerman\Worker::runAll()
#7 C:\Users\MSI\Desktop\Ghrami\Ghrami-Web\vendor\symfony\console\Command\Command.php(326): App\Command\WebSocketServerCommand->execute(Object(Symfony\Component\Console\Input\ArgvInput), Object(Symfony\Component\Console\Output\ConsoleOutput))
#8 C:\Users\MSI\Desktop\Ghrami\Ghrami-Web\vendor\symfony\console\Application.php(1121): Symfony\Component\Console\Command\Command->run(Object(Symfony\Component\Console\Input\ArgvInput), Object(Symfony\Component\Console\Output\ConsoleOutput))
#9 C:\Users\MSI\Desktop\Ghrami\Ghrami-Web\vendor\symfony\framework-bundle\Console\Application.php(126): Symfony\Component\Console\Application->doRunCommand(Object(App\Command\WebSocketServerCommand), Object(Symfony\Component\Console\Input\ArgvInput), Object(Symfony\Component\Console\Output\ConsoleOutput))
#10 C:\Users\MSI\Desktop\Ghrami\Ghrami-Web\vendor\symfony\console\Application.php(324): Symfony\Bundle\FrameworkBundle\Console\Application->doRunCommand(Object(App\Command\WebSocketServerCommand), Object(Symfony\Component\Console\Input\ArgvInput), Object(Symfony\Component\Console\Output\ConsoleOutput))
#11 C:\Users\MSI\Desktop\Ghrami\Ghrami-Web\vendor\symfony\framework-bundle\Console\Application.php(80): Symfony\Component\Console\Application->doRun(Object(Symfony\Component\Console\Input\ArgvInput), Object(Symfony\Component\Console\Output\ConsoleOutput))
#12 C:\Users\MSI\Desktop\Ghrami\Ghrami-Web\vendor\symfony\console\Application.php(175): Symfony\Bundle\FrameworkBundle\Console\Application->doRun(Object(Symfony\Component\Console\Input\ArgvInput), Object(Symfony\Component\Console\Output\ConsoleOutput))
#13 C:\Users\MSI\Desktop\Ghrami\Ghrami-Web\vendor\symfony\runtime\Runner\Symfony\ConsoleApplicationRunner.php(49): Symfony\Component\Console\Application->run(Object(Symfony\Component\Console\Input\ArgvInput), Object(Symfony\Component\Console\Output\ConsoleOutput))
#14 C:\Users\MSI\Desktop\Ghrami\Ghrami-Web\vendor\autoload_runtime.php(29): Symfony\Component\Runtime\Runner\Symfony\ConsoleApplicationRunner->run()
#15 C:\Users\MSI\Desktop\Ghrami\Ghrami-Web\bin\console(15): require_once('C:\\Users\\MSI\\De...')
#16 {main}
